Using pre-set license

 COMMAND LINE ARGUMENTS:
/Applications/Unity/Hub/Editor/2020.2.2f1/Unity.app/Contents/MacOS/Unity
-adb2
-batchMode
-noUpm
-name
AssetImportWorker0
-projectPath
/Users/giovannilebail/Projets/Scannerc#/Git/Shockingly-Efficient-Csharp-Utility/Shockingly Efficient C# Utility
-logFile
Logs/AssetImportWorker0.log
-srvPort
60200
Successfully changed project path to: /Users/giovannilebail/Projets/Scannerc#/Git/Shockingly-Efficient-Csharp-Utility/Shockingly Efficient C# Utility
/Users/giovannilebail/Projets/Scannerc#/Git/Shockingly-Efficient-Csharp-Utility/Shockingly Efficient C# Utility
Using Asset Import Pipeline V2.
Refreshing native plugins compatible for Editor in 44.62 ms, found 2 plugins.
Preloading 0 native plugins for Editor in 0.00 ms.
Initialize engine version: 2020.2.2f1 (068178b99f32)
[Subsystems] Discovering subsystems at path /Applications/Unity/Hub/Editor/2020.2.2f1/Unity.app/Contents/Resources/UnitySubsystems
[Subsystems] Discovering subsystems at path /Users/giovannilebail/Projets/Scannerc#/Git/Shockingly-Efficient-Csharp-Utility/Shockingly Efficient C# Utility/Assets
GfxDevice: creating device client; threaded=0
2021-01-30 19:09:03.164 Unity[66062:3080902] Color LCD preferred device: Intel(R) Iris(TM) Plus Graphics 645 (low power)
2021-01-30 19:09:03.164 Unity[66062:3080902] Metal devices available: 1
2021-01-30 19:09:03.164 Unity[66062:3080902] 0: Intel(R) Iris(TM) Plus Graphics 645 (low power)
2021-01-30 19:09:03.164 Unity[66062:3080902] Using device Intel(R) Iris(TM) Plus Graphics 645 (low power)
Initializing Metal device caps: Intel(R) Iris(TM) Plus Graphics 645
Initialize mono
Mono path[0] = '/Applications/Unity/Hub/Editor/2020.2.2f1/Unity.app/Contents/Managed'
Mono path[1] = '/Applications/Unity/Hub/Editor/2020.2.2f1/Unity.app/Contents/MonoBleedingEdge/lib/mono/unityjit'
Mono config path = '/Applications/Unity/Hub/Editor/2020.2.2f1/Unity.app/Contents/MonoBleedingEdge/etc'
Using monoOptions --debugger-agent=transport=dt_socket,embedding=1,server=y,suspend=n,address=127.0.0.1:56062
Begin MonoManager ReloadAssembly
Registering precompiled unity dll's ...
Register platform support module: /Applications/Unity/Hub/Editor/2020.2.2f1/Unity.app/Contents/PlaybackEngines/MacStandaloneSupport/UnityEditor.OSXStandalone.Extensions.dll
Registered in 0.003322 seconds.
Native extension for OSXStandalone target not found
Refreshing native plugins compatible for Editor in 38.18 ms, found 2 plugins.
Preloading 0 native plugins for Editor in 0.00 ms.
Invoked RoslynAnalysisRunner static constructor.
RoslynAnalysisRunner will not be running.
RoslynAnalysisRunner has terminated.
Mono: successfully reloaded assembly
- Completed reload, in  2.719 seconds
Platform modules already initialized, skipping
Registering precompiled user dll's ...
Registered in 0.001731 seconds.
Begin MonoManager ReloadAssembly
Native extension for OSXStandalone target not found
Refreshing native plugins compatible for Editor in 43.44 ms, found 2 plugins.
Preloading 0 native plugins for Editor in 0.00 ms.
Invoked RoslynAnalysisRunner static constructor.
RoslynAnalysisRunner will not be running.
RoslynAnalysisRunner has terminated.
Mono: successfully reloaded assembly
- Completed reload, in  1.228 seconds
Platform modules already initialized, skipping
========================================================================
Worker process is ready to serve import requests
Launching external process: /Applications/Unity/Hub/Editor/2020.2.2f1/Unity.app/Contents/Tools/UnityShaderCompiler
Launched and connected shader compiler UnityShaderCompiler after 0.01 seconds
Refreshing native plugins compatible for Editor in 0.73 ms, found 2 plugins.
Preloading 0 native plugins for Editor in 0.00 ms.
Unloading 1792 Unused Serialized files (Serialized files now loaded: 0)
System memory in use before: 144.2 MB.
System memory in use after: 144.1 MB.

Unloading 24 unused Assets to reduce memory usage. Loaded Objects now: 2233.
Total: 3.021098 ms (FindLiveObjects: 0.302740 ms CreateObjectMapping: 0.158559 ms MarkObjects: 2.189366 ms  DeleteObjects: 0.350907 ms)

========================================================================
Received Import Request.
  path: Assets/Scenes/SampleScene.unity
  artifactKey: Guid(2cda990e2423bbf4892e6590ba056729) Importer(815301076,1909f56bfc062723c751e8b465ee728b)
Start importing Assets/Scenes/SampleScene.unity using Guid(2cda990e2423bbf4892e6590ba056729) Importer(815301076,1909f56bfc062723c751e8b465ee728b)  -> (artifact id: '694ca9c96bcf791ec7b87cc957ec53a1') in 0.021506 seconds
  Import took 0.052385 seconds .

========================================================================
Received Import Request.
  Time since last request: 0.000320 seconds.
  path: Assets/Scenes
  artifactKey: Guid(b13c77cebdc8d43c09b41c46fcd728c5) Importer(815301076,1909f56bfc062723c751e8b465ee728b)
Start importing Assets/Scenes using Guid(b13c77cebdc8d43c09b41c46fcd728c5) Importer(815301076,1909f56bfc062723c751e8b465ee728b)  -> (artifact id: '655d1b1aeb16fc1c021d5210a4705af0') in 0.001086 seconds
  Import took 0.005881 seconds .

========================================================================
Received Import Request.
  Time since last request: 5.623613 seconds.
  path: Assets/Scenes/MainScene.unity
  artifactKey: Guid(2cda990e2423bbf4892e6590ba056729) Importer(815301076,1909f56bfc062723c751e8b465ee728b)
Start importing Assets/Scenes/MainScene.unity using Guid(2cda990e2423bbf4892e6590ba056729) Importer(815301076,1909f56bfc062723c751e8b465ee728b)  -> (artifact id: '3bc03dcf6ab3d44f97b0dbdfe29a5ca9') in 0.001869 seconds
  Import took 0.007390 seconds .

